#
# There is insufficient memory for the Java Runtime Environment to continue.
# Native memory allocation (malloc) failed to allocate 351456 bytes for Chunk::new
# Possible reasons:
#   The system is out of physical RAM or swap space
#   The process is running with CompressedOops enabled, and the Java Heap may be blocking the growth of the native heap
# Possible solutions:
#   Reduce memory load on the system
#   Increase physical memory or swap space
#   Check if swap backing store is full
#   Decrease Java heap size (-Xmx/-Xms)
#   Decrease number of Java threads
#   Decrease Java thread stack sizes (-Xss)
#   Set larger code cache with -XX:ReservedCodeCacheSize=
#   JVM is running with Zero Based Compressed Oops mode in which the Java heap is
#     placed in the first 32GB address space. The Java Heap base address is the
#     maximum limit for the native heap growth. Please use -XX:HeapBaseMinAddress
#     to set the Java Heap base and to place the Java Heap above 32GB virtual address.
# This output file may be truncated or incomplete.
#
#  Out of Memory Error (arena.cpp:189), pid=20588, tid=31676
#
# JRE version: Java(TM) SE Runtime Environment (17.0.6+9) (build 17.0.6+9-LTS-190)
# Java VM: Java HotSpot(TM) 64-Bit Server VM (17.0.6+9-LTS-190, mixed mode, sharing, tiered, compressed oops, compressed class ptrs, g1 gc, windows-amd64)
# No core dump will be written. Minidumps are not enabled by default on client versions of Windows
#

---------------  S U M M A R Y ------------

Command Line: c:\Users\John 117\.vscode\extensions\salesforce.salesforce-vscode-slds-1.4.8\lsp-0.0.13-executable.jar --PORT=64754

Host: AMD Ryzen 7 3700X 8-Core Processor             , 16 cores, 15G,  Windows 10 , 64 bit Build 19041 (10.0.19041.2913)
Time: Mon May 29 17:01:16 2023 Hora estándar central (México) elapsed time: 0.131939 seconds (0d 0h 0m 0s)

---------------  T H R E A D  ---------------

Current thread (0x000001542b96d110):  JavaThread "C2 CompilerThread1" daemon [_thread_in_native, id=31676, stack(0x0000001361500000,0x0000001361600000)]


Current CompileTask:
C2:    132  314       4       org.springframework.boot.loader.jar.JarFileEntries::sort (116 bytes)

Stack: [0x0000001361500000,0x0000001361600000]
Native frames: (J=compiled Java code, j=interpreted, Vv=VM code, C=native code)
V  [jvm.dll+0x6734ea]
V  [jvm.dll+0x7d18f4]
V  [jvm.dll+0x7d309e]
V  [jvm.dll+0x7d3703]
V  [jvm.dll+0x2433c5]
V  [jvm.dll+0xaa46b]
V  [jvm.dll+0xaaa0c]
V  [jvm.dll+0x2a8b1f]
V  [jvm.dll+0x57bf85]
V  [jvm.dll+0x21e142]
V  [jvm.dll+0x21e51f]
V  [jvm.dll+0x217c36]
V  [jvm.dll+0x215109]
V  [jvm.dll+0x1a1730]
V  [jvm.dll+0x224b6e]
V  [jvm.dll+0x222f15]
V  [jvm.dll+0x78753c]
V  [jvm.dll+0x781a7a]
V  [jvm.dll+0x672375]
C  [ucrtbase.dll+0x21bb2]
C  [KERNEL32.DLL+0x17614]
C  [ntdll.dll+0x526a1]


---------------  P R O C E S S  ---------------

Threads class SMR info:
_java_thread_list=0x000001542bb19ae0, length=16, elements={
0x00000154074e1740, 0x000001542ad4fbc0, 0x000001542ad50a30, 0x000001542ad67b90,
0x000001542ad68740, 0x000001542ad6ba20, 0x000001542ad6c3d0, 0x000001542ad6d0b0,
0x000001542ad6e890, 0x000001542b80d410, 0x000001542b90cf10, 0x000001542b93c240,
0x000001542b94b340, 0x000001542b96d110, 0x000001542b96e000, 0x000001542bce8be0
}

Java Threads: ( => current thread )
  0x00000154074e1740 JavaThread "main" [_thread_in_vm, id=12228, stack(0x0000001360100000,0x0000001360200000)]
  0x000001542ad4fbc0 JavaThread "Reference Handler" daemon [_thread_blocked, id=9708, stack(0x0000001360800000,0x0000001360900000)]
  0x000001542ad50a30 JavaThread "Finalizer" daemon [_thread_blocked, id=8580, stack(0x0000001360900000,0x0000001360a00000)]
  0x000001542ad67b90 JavaThread "Signal Dispatcher" daemon [_thread_blocked, id=29560, stack(0x0000001360a00000,0x0000001360b00000)]
  0x000001542ad68740 JavaThread "Attach Listener" daemon [_thread_blocked, id=6740, stack(0x0000001360b00000,0x0000001360c00000)]
  0x000001542ad6ba20 JavaThread "Service Thread" daemon [_thread_blocked, id=24424, stack(0x0000001360c00000,0x0000001360d00000)]
  0x000001542ad6c3d0 JavaThread "Monitor Deflation Thread" daemon [_thread_blocked, id=13828, stack(0x0000001360d00000,0x0000001360e00000)]
  0x000001542ad6d0b0 JavaThread "C2 CompilerThread0" daemon [_thread_in_native, id=30252, stack(0x0000001360e00000,0x0000001360f00000)]
  0x000001542ad6e890 JavaThread "C1 CompilerThread0" daemon [_thread_blocked, id=25288, stack(0x0000001360f00000,0x0000001361000000)]
  0x000001542b80d410 JavaThread "Sweeper thread" daemon [_thread_blocked, id=21192, stack(0x0000001361000000,0x0000001361100000)]
  0x000001542b90cf10 JavaThread "C1 CompilerThread1" daemon [_thread_blocked, id=2160, stack(0x0000001361100000,0x0000001361200000)]
  0x000001542b93c240 JavaThread "Notification Thread" daemon [_thread_blocked, id=14404, stack(0x0000001361200000,0x0000001361300000)]
  0x000001542b94b340 JavaThread "Common-Cleaner" daemon [_thread_blocked, id=4108, stack(0x0000001361400000,0x0000001361500000)]
=>0x000001542b96d110 JavaThread "C2 CompilerThread1" daemon [_thread_in_native, id=31676, stack(0x0000001361500000,0x0000001361600000)]
  0x000001542b96e000 JavaThread "C2 CompilerThread2" daemon [_thread_in_native, id=4876, stack(0x0000001361600000,0x0000001361700000)]
  0x000001542bce8be0 JavaThread "C1 CompilerThread2" daemon [_thread_blocked, id=2696, stack(0x0000001361700000,0x0000001361800000)]

Other Threads:
  0x000001542ad47fa0 VMThread "VM Thread" [stack: 0x0000001360700000,0x0000001360800000] [id=13640]
  0x000001542b946d10 WatcherThread [stack: 0x0000001361300000,0x0000001361400000] [id=16756]
  0x000001540754d1a0 GCTaskThread "GC Thread#0" [stack: 0x0000001360200000,0x0000001360300000] [id=4004]
  0x0000015407560040 ConcurrentGCThread "G1 Main Marker" [stack: 0x0000001360300000,0x0000001360400000] [id=17096]
  0x0000015407560a50 ConcurrentGCThread "G1 Conc#0" [stack: 0x0000001360400000,0x0000001360500000] [id=29256]
  0x000001542ac05500 ConcurrentGCThread "G1 Refine#0" [stack: 0x0000001360500000,0x0000001360600000] [id=15024]
  0x00000154075b9ea0 ConcurrentGCThread "G1 Service" [stack: 0x0000001360600000,0x0000001360700000] [id=4792]

Threads with active compile tasks:
C2 CompilerThread0      147  336       4       org.springframework.boot.loader.jar.CentralDirectoryParser::visitFileHeader (43 bytes)
C2 CompilerThread1      147  314       4       org.springframework.boot.loader.jar.JarFileEntries::sort (116 bytes)
C2 CompilerThread2      147  333       4       org.springframework.boot.loader.jar.CentralDirectoryFileHeader::load (204 bytes)

VM state: not at safepoint (normal execution)

VM Mutex/Monitor currently owned by a thread:  ([mutex/lock_event])
[0x00000154074d9020] Metaspace_lock - owner thread: 0x00000154074e1740

Heap address: 0x0000000700c00000, size: 4084 MB, Compressed Oops mode: Zero based, Oop shift amount: 3

CDS archive(s) mapped at: [0x0000000800000000-0x0000000800bd0000-0x0000000800bd0000), size 12386304, SharedBaseAddress: 0x0000000800000000, ArchiveRelocationMode: 0.
Compressed class space mapped at: 0x0000000800c00000-0x0000000840c00000, reserved size: 1073741824
Narrow klass base: 0x0000000800000000, Narrow klass shift: 0, Narrow klass range: 0x100000000

GC Precious Log:
 CPUs: 16 total, 16 available
 Memory: 16328M
 Large Page Support: Disabled
 NUMA Support: Disabled
 Compressed Oops: Enabled (Zero based)
 Heap Region Size: 2M
 Heap Min Capacity: 8M
 Heap Initial Capacity: 256M
 Heap Max Capacity: 4084M
 Pre-touch: Disabled
 Parallel Workers: 13
 Concurrent Workers: 3
 Concurrent Refinement Workers: 13
 Periodic GC: Disabled

Heap:
 garbage-first heap   total 262144K, used 4096K [0x0000000700c00000, 0x0000000800000000)
  region size 2048K, 3 young (6144K), 0 survivors (0K)
 Metaspace       used 981K, committed 1088K, reserved 1056768K
  class space    used 95K, committed 192K, reserved 1048576K

Heap Regions: E=young(eden), S=young(survivor), O=old, HS=humongous(starts), HC=humongous(continues), CS=collection set, F=free, OA=open archive, CA=closed archive, TAMS=top-at-mark-start (previous, next)
|   0|0x0000000700c00000, 0x0000000700c00000, 0x0000000700e00000|  0%| F|  |TAMS 0x0000000700c00000, 0x0000000700c00000| Untracked 
|   1|0x0000000700e00000, 0x0000000700e00000, 0x0000000701000000|  0%| F|  |TAMS 0x0000000700e00000, 0x0000000700e00000| Untracked 
|   2|0x0000000701000000, 0x0000000701000000, 0x0000000701200000|  0%| F|  |TAMS 0x0000000701000000, 0x0000000701000000| Untracked 
|   3|0x0000000701200000, 0x0000000701200000, 0x0000000701400000|  0%| F|  |TAMS 0x0000000701200000, 0x0000000701200000| Untracked 
|   4|0x0000000701400000, 0x0000000701400000, 0x0000000701600000|  0%| F|  |TAMS 0x0000000701400000, 0x0000000701400000| Untracked 
|   5|0x0000000701600000, 0x0000000701600000, 0x0000000701800000|  0%| F|  |TAMS 0x0000000701600000, 0x0000000701600000| Untracked 
|   6|0x0000000701800000, 0x0000000701800000, 0x0000000701a00000|  0%| F|  |TAMS 0x0000000701800000, 0x0000000701800000| Untracked 
|   7|0x0000000701a00000, 0x0000000701a00000, 0x0000000701c00000|  0%| F|  |TAMS 0x0000000701a00000, 0x0000000701a00000| Untracked 
|   8|0x0000000701c00000, 0x0000000701c00000, 0x0000000701e00000|  0%| F|  |TAMS 0x0000000701c00000, 0x0000000701c00000| Untracked 
|   9|0x0000000701e00000, 0x0000000701e00000, 0x0000000702000000|  0%| F|  |TAMS 0x0000000701e00000, 0x0000000701e00000| Untracked 
|  10|0x0000000702000000, 0x0000000702000000, 0x0000000702200000|  0%| F|  |TAMS 0x0000000702000000, 0x0000000702000000| Untracked 
|  11|0x0000000702200000, 0x0000000702200000, 0x0000000702400000|  0%| F|  |TAMS 0x0000000702200000, 0x0000000702200000| Untracked 
|  12|0x0000000702400000, 0x0000000702400000, 0x0000000702600000|  0%| F|  |TAMS 0x0000000702400000, 0x0000000702400000| Untracked 
|  13|0x0000000702600000, 0x0000000702600000, 0x0000000702800000|  0%| F|  |TAMS 0x0000000702600000, 0x0000000702600000| Untracked 
|  14|0x0000000702800000, 0x0000000702800000, 0x0000000702a00000|  0%| F|  |TAMS 0x0000000702800000, 0x0000000702800000| Untracked 
|  15|0x0000000702a00000, 0x0000000702a00000, 0x0000000702c00000|  0%| F|  |TAMS 0x0000000702a00000, 0x0000000702a00000| Untracked 
|  16|0x0000000702c00000, 0x0000000702c00000, 0x0000000702e00000|  0%| F|  |TAMS 0x0000000702c00000, 0x0000000702c00000| Untracked 
|  17|0x0000000702e00000, 0x0000000702e00000, 0x0000000703000000|  0%| F|  |TAMS 0x0000000702e00000, 0x0000000702e00000| Untracked 
|  18|0x0000000703000000, 0x0000000703000000, 0x0000000703200000|  0%| F|  |TAMS 0x0000000703000000, 0x0000000703000000| Untracked 
|  19|0x0000000703200000, 0x0000000703200000, 0x0000000703400000|  0%| F|  |TAMS 0x0000000703200000, 0x0000000703200000| Untracked 
|  20|0x0000000703400000, 0x0000000703400000, 0x0000000703600000|  0%| F|  |TAMS 0x0000000703400000, 0x0000000703400000| Untracked 
|  21|0x0000000703600000, 0x0000000703600000, 0x0000000703800000|  0%| F|  |TAMS 0x0000000703600000, 0x0000000703600000| Untracked 
|  22|0x0000000703800000, 0x0000000703800000, 0x0000000703a00000|  0%| F|  |TAMS 0x0000000703800000, 0x0000000703800000| Untracked 
|  23|0x0000000703a00000, 0x0000000703a00000, 0x0000000703c00000|  0%| F|  |TAMS 0x0000000703a00000, 0x0000000703a00000| Untracked 
|  24|0x0000000703c00000, 0x0000000703c00000, 0x0000000703e00000|  0%| F|  |TAMS 0x0000000703c00000, 0x0000000703c00000| Untracked 
|  25|0x0000000703e00000, 0x0000000703e00000, 0x0000000704000000|  0%| F|  |TAMS 0x0000000703e00000, 0x0000000703e00000| Untracked 
|  26|0x0000000704000000, 0x0000000704000000, 0x0000000704200000|  0%| F|  |TAMS 0x0000000704000000, 0x0000000704000000| Untracked 
|  27|0x0000000704200000, 0x0000000704200000, 0x0000000704400000|  0%| F|  |TAMS 0x0000000704200000, 0x0000000704200000| Untracked 
|  28|0x0000000704400000, 0x0000000704400000, 0x0000000704600000|  0%| F|  |TAMS 0x0000000704400000, 0x0000000704400000| Untracked 
|  29|0x0000000704600000, 0x0000000704600000, 0x0000000704800000|  0%| F|  |TAMS 0x0000000704600000, 0x0000000704600000| Untracked 
|  30|0x0000000704800000, 0x0000000704800000, 0x0000000704a00000|  0%| F|  |TAMS 0x0000000704800000, 0x0000000704800000| Untracked 
|  31|0x0000000704a00000, 0x0000000704a00000, 0x0000000704c00000|  0%| F|  |TAMS 0x0000000704a00000, 0x0000000704a00000| Untracked 
|  32|0x0000000704c00000, 0x0000000704c00000, 0x0000000704e00000|  0%| F|  |TAMS 0x0000000704c00000, 0x0000000704c00000| Untracked 
|  33|0x0000000704e00000, 0x0000000704e00000, 0x0000000705000000|  0%| F|  |TAMS 0x0000000704e00000, 0x0000000704e00000| Untracked 
|  34|0x0000000705000000, 0x0000000705000000, 0x0000000705200000|  0%| F|  |TAMS 0x0000000705000000, 0x0000000705000000| Untracked 
|  35|0x0000000705200000, 0x0000000705200000, 0x0000000705400000|  0%| F|  |TAMS 0x0000000705200000, 0x0000000705200000| Untracked 
|  36|0x0000000705400000, 0x0000000705400000, 0x0000000705600000|  0%| F|  |TAMS 0x0000000705400000, 0x0000000705400000| Untracked 
|  37|0x0000000705600000, 0x0000000705600000, 0x0000000705800000|  0%| F|  |TAMS 0x0000000705600000, 0x0000000705600000| Untracked 
|  38|0x0000000705800000, 0x0000000705800000, 0x0000000705a00000|  0%| F|  |TAMS 0x0000000705800000, 0x0000000705800000| Untracked 
|  39|0x0000000705a00000, 0x0000000705a00000, 0x0000000705c00000|  0%| F|  |TAMS 0x0000000705a00000, 0x0000000705a00000| Untracked 
|  40|0x0000000705c00000, 0x0000000705c00000, 0x0000000705e00000|  0%| F|  |TAMS 0x0000000705c00000, 0x0000000705c00000| Untracked 
|  41|0x0000000705e00000, 0x0000000705e00000, 0x0000000706000000|  0%| F|  |TAMS 0x0000000705e00000, 0x0000000705e00000| Untracked 
|  42|0x0000000706000000, 0x0000000706000000, 0x0000000706200000|  0%| F|  |TAMS 0x0000000706000000, 0x0000000706000000| Untracked 
|  43|0x0000000706200000, 0x0000000706200000, 0x0000000706400000|  0%| F|  |TAMS 0x0000000706200000, 0x0000000706200000| Untracked 
|  44|0x0000000706400000, 0x0000000706400000, 0x0000000706600000|  0%| F|  |TAMS 0x0000000706400000, 0x0000000706400000| Untracked 
|  45|0x0000000706600000, 0x0000000706600000, 0x0000000706800000|  0%| F|  |TAMS 0x0000000706600000, 0x0000000706600000| Untracked 
|  46|0x0000000706800000, 0x0000000706800000, 0x0000000706a00000|  0%| F|  |TAMS 0x0000000706800000, 0x0000000706800000| Untracked 
|  47|0x0000000706a00000, 0x0000000706a00000, 0x0000000706c00000|  0%| F|  |TAMS 0x0000000706a00000, 0x0000000706a00000| Untracked 
|  48|0x0000000706c00000, 0x0000000706c00000, 0x0000000706e00000|  0%| F|  |TAMS 0x0000000706c00000, 0x0000000706c00000| Untracked 
|  49|0x0000000706e00000, 0x0000000706e00000, 0x0000000707000000|  0%| F|  |TAMS 0x0000000706e00000, 0x0000000706e00000| Untracked 
|  50|0x0000000707000000, 0x0000000707000000, 0x0000000707200000|  0%| F|  |TAMS 0x0000000707000000, 0x0000000707000000| Untracked 
|  51|0x0000000707200000, 0x0000000707200000, 0x0000000707400000|  0%| F|  |TAMS 0x0000000707200000, 0x0000000707200000| Untracked 
|  52|0x0000000707400000, 0x0000000707400000, 0x0000000707600000|  0%| F|  |TAMS 0x0000000707400000, 0x0000000707400000| Untracked 
|  53|0x0000000707600000, 0x0000000707600000, 0x0000000707800000|  0%| F|  |TAMS 0x0000000707600000, 0x0000000707600000| Untracked 
|  54|0x0000000707800000, 0x0000000707800000, 0x0000000707a00000|  0%| F|  |TAMS 0x0000000707800000, 0x0000000707800000| Untracked 
|  55|0x0000000707a00000, 0x0000000707a00000, 0x0000000707c00000|  0%| F|  |TAMS 0x0000000707a00000, 0x0000000707a00000| Untracked 
|  56|0x0000000707c00000, 0x0000000707c00000, 0x0000000707e00000|  0%| F|  |TAMS 0x0000000707c00000, 0x0000000707c00000| Untracked 
|  57|0x0000000707e00000, 0x0000000707e00000, 0x0000000708000000|  0%| F|  |TAMS 0x0000000707e00000, 0x0000000707e00000| Untracked 
|  58|0x0000000708000000, 0x0000000708000000, 0x0000000708200000|  0%| F|  |TAMS 0x0000000708000000, 0x0000000708000000| Untracked 
|  59|0x0000000708200000, 0x0000000708200000, 0x0000000708400000|  0%| F|  |TAMS 0x0000000708200000, 0x0000000708200000| Untracked 
|  60|0x0000000708400000, 0x0000000708400000, 0x0000000708600000|  0%| F|  |TAMS 0x0000000708400000, 0x0000000708400000| Untracked 
|  61|0x0000000708600000, 0x0000000708600000, 0x0000000708800000|  0%| F|  |TAMS 0x0000000708600000, 0x0000000708600000| Untracked 
|  62|0x0000000708800000, 0x0000000708800000, 0x0000000708a00000|  0%| F|  |TAMS 0x0000000708800000, 0x0000000708800000| Untracked 
|  63|0x0000000708a00000, 0x0000000708a00000, 0x0000000708c00000|  0%| F|  |TAMS 0x0000000708a00000, 0x0000000708a00000| Untracked 
|  64|0x0000000708c00000, 0x0000000708c00000, 0x0000000708e00000|  0%| F|  |TAMS 0x0000000708c00000, 0x0000000708c00000| Untracked 
|  65|0x0000000708e00000, 0x0000000708e00000, 0x0000000709000000|  0%| F|  |TAMS 0x0000000708e00000, 0x0000000708e00000| Untracked 
|  66|0x0000000709000000, 0x0000000709000000, 0x0000000709200000|  0%| F|  |TAMS 0x0000000709000000, 0x0000000709000000| Untracked 
|  67|0x0000000709200000, 0x0000000709200000, 0x0000000709400000|  0%| F|  |TAMS 0x0000000709200000, 0x0000000709200000| Untracked 
|  68|0x0000000709400000, 0x0000000709400000, 0x0000000709600000|  0%| F|  |TAMS 0x0000000709400000, 0x0000000709400000| Untracked 
|  69|0x0000000709600000, 0x0000000709600000, 0x0000000709800000|  0%| F|  |TAMS 0x0000000709600000, 0x0000000709600000| Untracked 
|  70|0x0000000709800000, 0x0000000709800000, 0x0000000709a00000|  0%| F|  |TAMS 0x0000000709800000, 0x0000000709800000| Untracked 
|  71|0x0000000709a00000, 0x0000000709a00000, 0x0000000709c00000|  0%| F|  |TAMS 0x0000000709a00000, 0x0000000709a00000| Untracked 
|  72|0x0000000709c00000, 0x0000000709c00000, 0x0000000709e00000|  0%| F|  |TAMS 0x0000000709c00000, 0x0000000709c00000| Untracked 
|  73|0x0000000709e00000, 0x0000000709e00000, 0x000000070a000000|  0%| F|  |TAMS 0x0000000709e00000, 0x0000000709e00000| Untracked 
|  74|0x000000070a000000, 0x000000070a000000, 0x000000070a200000|  0%| F|  |TAMS 0x000000070a000000, 0x000000070a000000| Untracked 
|  75|0x000000070a200000, 0x000000070a200000, 0x000000070a400000|  0%| F|  |TAMS 0x000000070a200000, 0x000000070a200000| Untracked 
|  76|0x000000070a400000, 0x000000070a400000, 0x000000070a600000|  0%| F|  |TAMS 0x000000070a400000, 0x000000070a400000| Untracked 
|  77|0x000000070a600000, 0x000000070a600000, 0x000000070a800000|  0%| F|  |TAMS 0x000000070a600000, 0x000000070a600000| Untracked 
|  78|0x000000070a800000, 0x000000070a800000, 0x000000070aa00000|  0%| F|  |TAMS 0x000000070a800000, 0x000000070a800000| Untracked 
|  79|0x000000070aa00000, 0x000000070aa00000, 0x000000070ac00000|  0%| F|  |TAMS 0x000000070aa00000, 0x000000070aa00000| Untracked 
|  80|0x000000070ac00000, 0x000000070ac00000, 0x000000070ae00000|  0%| F|  |TAMS 0x000000070ac00000, 0x000000070ac00000| Untracked 
|  81|0x000000070ae00000, 0x000000070ae00000, 0x000000070b000000|  0%| F|  |TAMS 0x000000070ae00000, 0x000000070ae00000| Untracked 
|  82|0x000000070b000000, 0x000000070b000000, 0x000000070b200000|  0%| F|  |TAMS 0x000000070b000000, 0x000000070b000000| Untracked 
|  83|0x000000070b200000, 0x000000070b200000, 0x000000070b400000|  0%| F|  |TAMS 0x000000070b200000, 0x000000070b200000| Untracked 
|  84|0x000000070b400000, 0x000000070b400000, 0x000000070b600000|  0%| F|  |TAMS 0x000000070b400000, 0x000000070b400000| Untracked 
|  85|0x000000070b600000, 0x000000070b600000, 0x000000070b800000|  0%| F|  |TAMS 0x000000070b600000, 0x000000070b600000| Untracked 
|  86|0x000000070b800000, 0x000000070b800000, 0x000000070ba00000|  0%| F|  |TAMS 0x000000070b800000, 0x000000070b800000| Untracked 
|  87|0x000000070ba00000, 0x000000070ba00000, 0x000000070bc00000|  0%| F|  |TAMS 0x000000070ba00000, 0x000000070ba00000| Untracked 
|  88|0x000000070bc00000, 0x000000070bc00000, 0x000000070be00000|  0%| F|  |TAMS 0x000000070bc00000, 0x000000070bc00000| Untracked 
|  89|0x000000070be00000, 0x000000070be00000, 0x000000070c000000|  0%| F|  |TAMS 0x000000070be00000, 0x000000070be00000| Untracked 
|  90|0x000000070c000000, 0x000000070c000000, 0x000000070c200000|  0%| F|  |TAMS 0x000000070c000000, 0x000000070c000000| Untracked 
|  91|0x000000070c200000, 0x000000070c200000, 0x000000070c400000|  0%| F|  |TAMS 0x000000070c200000, 0x000000070c200000| Untracked 
|  92|0x000000070c400000, 0x000000070c400000, 0x000000070c600000|  0%| F|  |TAMS 0x000000070c400000, 0x000000070c400000| Untracked 
|  93|0x000000070c600000, 0x000000070c600000, 0x000000070c800000|  0%| F|  |TAMS 0x000000070c600000, 0x000000070c600000| Untracked 
|  94|0x000000070c800000, 0x000000070c800000, 0x000000070ca00000|  0%| F|  |TAMS 0x000000070c800000, 0x000000070c800000| Untracked 
|  95|0x000000070ca00000, 0x000000070ca00000, 0x000000070cc00000|  0%| F|  |TAMS 0x000000070ca00000, 0x000000070ca00000| Untracked 
|  96|0x000000070cc00000, 0x000000070cc00000, 0x000000070ce00000|  0%| F|  |TAMS 0x000000070cc00000, 0x000000070cc00000| Untracked 
|  97|0x000000070ce00000, 0x000000070ce00000, 0x000000070d000000|  0%| F|  |TAMS 0x000000070ce00000, 0x000000070ce00000| Untracked 
|  98|0x000000070d000000, 0x000000070d000000, 0x000000070d200000|  0%| F|  |TAMS 0x000000070d000000, 0x000000070d000000| Untracked 
|  99|0x000000070d200000, 0x000000070d200000, 0x000000070d400000|  0%| F|  |TAMS 0x000000070d200000, 0x000000070d200000| Untracked 
| 100|0x000000070d400000, 0x000000070d400000, 0x000000070d600000|  0%| F|  |TAMS 0x000000070d400000, 0x000000070d400000| Untracked 
| 101|0x000000070d600000, 0x000000070d600000, 0x000000070d800000|  0%| F|  |TAMS 0x000000070d600000, 0x000000070d600000| Untracked 
| 102|0x000000070d800000, 0x000000070d800000, 0x000000070da00000|  0%| F|  |TAMS 0x000000070d800000, 0x000000070d800000| Untracked 
| 103|0x000000070da00000, 0x000000070da00000, 0x000000070dc00000|  0%| F|  |TAMS 0x000000070da00000, 0x000000070da00000| Untracked 
| 104|0x000000070dc00000, 0x000000070dc00000, 0x000000070de00000|  0%| F|  |TAMS 0x000000070dc00000, 0x000000070dc00000| Untracked 
| 105|0x000000070de00000, 0x000000070de00000, 0x000000070e000000|  0%| F|  |TAMS 0x000000070de00000, 0x000000070de00000| Untracked 
| 106|0x000000070e000000, 0x000000070e000000, 0x000000070e200000|  0%| F|  |TAMS 0x000000070e000000, 0x000000070e000000| Untracked 
| 107|0x000000070e200000, 0x000000070e200000, 0x000000070e400000|  0%| F|  |TAMS 0x000000070e200000, 0x000000070e200000| Untracked 
| 108|0x000000070e400000, 0x000000070e400000, 0x000000070e600000|  0%| F|  |TAMS 0x000000070e400000, 0x000000070e400000| Untracked 
| 109|0x000000070e600000, 0x000000070e600000, 0x000000070e800000|  0%| F|  |TAMS 0x000000070e600000, 0x000000070e600000| Untracked 
| 110|0x000000070e800000, 0x000000070e800000, 0x000000070ea00000|  0%| F|  |TAMS 0x000000070e800000, 0x000000070e800000| Untracked 
| 111|0x000000070ea00000, 0x000000070ea00000, 0x000000070ec00000|  0%| F|  |TAMS 0x000000070ea00000, 0x000000070ea00000| Untracked 
| 112|0x000000070ec00000, 0x000000070ec00000, 0x000000070ee00000|  0%| F|  |TAMS 0x000000070ec00000, 0x000000070ec00000| Untracked 
| 113|0x000000070ee00000, 0x000000070ee00000, 0x000000070f000000|  0%| F|  |TAMS 0x000000070ee00000, 0x000000070ee00000| Untracked 
| 114|0x000000070f000000, 0x000000070f000000, 0x000000070f200000|  0%| F|  |TAMS 0x000000070f000000, 0x000000070f000000| Untracked 
| 115|0x000000070f200000, 0x000000070f200000, 0x000000070f400000|  0%| F|  |TAMS 0x000000070f200000, 0x000000070f200000| Untracked 
| 116|0x000000070f400000, 0x000000070f400000, 0x000000070f600000|  0%| F|  |TAMS 0x000000070f400000, 0x000000070f400000| Untracked 
| 117|0x000000070f600000, 0x000000070f600000, 0x000000070f800000|  0%| F|  |TAMS 0x000000070f600000, 0x000000070f600000| Untracked 
| 118|0x000000070f800000, 0x000000070f800000, 0x000000070fa00000|  0%| F|  |TAMS 0x000000070f800000, 0x000000070f800000| Untracked 
| 119|0x000000070fa00000, 0x000000070fa00000, 0x000000070fc00000|  0%| F|  |TAMS 0x000000070fa00000, 0x000000070fa00000| Untracked 
| 120|0x000000070fc00000, 0x000000070fc00000, 0x000000070fe00000|  0%| F|  |TAMS 0x000000070fc00000, 0x000000070fc00000| Untracked 
| 121|0x000000070fe00000, 0x000000070fe00000, 0x0000000710000000|  0%| F|  |TAMS 0x000000070fe00000, 0x000000070fe00000| Untracked 
| 122|0x0000000710000000, 0x0000000710000000, 0x0000000710200000|  0%| F|  |TAMS 0x0000000710000000, 0x0000000710000000| Untracked 
| 123|0x0000000710200000, 0x0000000710200000, 0x0000000710400000|  0%| F|  |TAMS 0x0000000710200000, 0x0000000710200000| Untracked 
| 124|0x0000000710400000, 0x0000000710400000, 0x0000000710600000|  0%| F|  |TAMS 0x0000000710400000, 0x0000000710400000| Untracked 
| 125|0x0000000710600000, 0x00000007107df960, 0x0000000710800000| 93%| E|  |TAMS 0x0000000710600000, 0x0000000710600000| Complete 
| 126|0x0000000710800000, 0x0000000710a00000, 0x0000000710a00000|100%| E|CS|TAMS 0x0000000710800000, 0x0000000710800000| Complete 
| 127|0x0000000710a00000, 0x0000000710c00000, 0x0000000710c00000|100%| E|CS|TAMS 0x0000000710a00000, 0x0000000710a00000| Complete 

Card table byte_map: [0x000001541ee00000,0x000001541f600000] _byte_map_base: 0x000001541b5fa000

Marking Bits (Prev, Next): (CMBitMap*) 0x000001540754d7b0, (CMBitMap*) 0x000001540754d7f0
 Prev Bits: [0x000001541fe00000, 0x0000015423dd0000)
 Next Bits: [0x0000015423dd0000, 0x0000015427da0000)

Polling page: 0x0000015405370000

Metaspace:

Usage:
  Non-class:    885.77 KB used.
      Class:     95.24 KB used.
       Both:    981.02 KB used.

Virtual space:
  Non-class space:        8.00 MB reserved,     896.00 KB ( 11%) committed,  1 nodes.
      Class space:        1.00 GB reserved,     192.00 KB ( <1%) committed,  1 nodes.
             Both:        1.01 GB reserved,       1.06 MB ( <1%) committed. 

Chunk freelists:
   Non-Class:  3.81 MB
       Class:  3.72 MB
        Both:  7.53 MB

MaxMetaspaceSize: unlimited
CompressedClassSpaceSize: 1.00 GB
Initial GC threshold: 21.00 MB
Current GC threshold: 21.00 MB
CDS: on
MetaspaceReclaimPolicy: balanced
 - commit_granule_bytes: 65536.
 - commit_granule_words: 8192.
 - virtual_space_node_default_size: 1048576.
 - enlarge_chunks_in_place: 1.
 - new_chunks_are_fully_committed: 0.
 - uncommit_free_chunks: 1.
 - use_allocation_guard: 0.
 - handle_deallocations: 1.


Internal statistics:

num_allocs_failed_limit: 0.
num_arena_births: 8.
num_arena_deaths: 0.
num_vsnodes_births: 2.
num_vsnodes_deaths: 0.
num_space_committed: 17.
num_space_uncommitted: 0.
num_chunks_returned_to_freelist: 0.
num_chunks_taken_from_freelist: 27.
num_chunk_merges: 0.
num_chunk_splits: 12.
num_chunks_enlarged: 10.
num_purges: 0.
num_inconsistent_stats: 0.

CodeHeap 'non-profiled nmethods': size=119168Kb used=93Kb max_used=93Kb free=119074Kb
 bounds [0x0000015416910000, 0x0000015416b80000, 0x000001541dd70000]
CodeHeap 'profiled nmethods': size=119104Kb used=479Kb max_used=479Kb free=118624Kb
 bounds [0x000001540ed70000, 0x000001540efe0000, 0x00000154161c0000]
CodeHeap 'non-nmethods': size=7488Kb used=2236Kb max_used=2236Kb free=5251Kb
 bounds [0x00000154161c0000, 0x0000015416430000, 0x0000015416910000]
 total_blobs=753 nmethods=363 adapters=301
 compilation: enabled
              stopped_count=0, restarted_count=0
 full_count=0

Compilation events (20 events):
Event: 0.121 Thread 0x000001542b90cf10 nmethod 322 0x000001540ede1290 code [0x000001540ede1480, 0x000001540ede1978]
Event: 0.121 Thread 0x000001542ad6e890 nmethod 327 0x0000015416922a10 code [0x0000015416922ba0, 0x0000015416922c78]
Event: 0.125 Thread 0x000001542ad6e890  328       3       java.lang.Object::equals (11 bytes)
Event: 0.125 Thread 0x000001542b90cf10  329       1       java.lang.String::value (5 bytes)
Event: 0.125 Thread 0x000001542b90cf10 nmethod 329 0x0000015416922d10 code [0x0000015416922ea0, 0x0000015416922f78]
Event: 0.125 Thread 0x000001542ad6e890 nmethod 328 0x000001540ede1d10 code [0x000001540ede1ea0, 0x000001540ede2018]
Event: 0.125 Thread 0x000001542ad6d0b0  330       4       org.springframework.boot.loader.jar.AsciiBytes::<init> (44 bytes)
Event: 0.126 Thread 0x000001542ad6d0b0 nmethod 330 0x0000015416923010 code [0x0000015416923180, 0x0000015416923358]
Event: 0.126 Thread 0x000001542ad6d0b0  331       4       org.springframework.boot.loader.jar.AsciiBytes::startsWith (65 bytes)
Event: 0.126 Thread 0x000001542ad6e890  332       3       java.time.LocalTime::<init> (29 bytes)
Event: 0.126 Thread 0x000001542ad6e890 nmethod 332 0x000001540ede2090 code [0x000001540ede2220, 0x000001540ede2398]
Event: 0.127 Thread 0x000001542b90cf10  339       1       java.io.File::getPath (5 bytes)
Event: 0.127 Thread 0x000001542ad6d0b0 nmethod 331 0x0000015416923490 code [0x0000015416923600, 0x0000015416923798]
Event: 0.127 Thread 0x000001542b90cf10 nmethod 339 0x0000015416923890 code [0x0000015416923a20, 0x0000015416923af8]
Event: 0.128 Thread 0x000001542ad6d0b0  336       4       org.springframework.boot.loader.jar.CentralDirectoryParser::visitFileHeader (43 bytes)
Event: 0.128 Thread 0x000001542ad6e890  342       3       java.time.LocalTime::create (26 bytes)
Event: 0.128 Thread 0x000001542b90cf10  341       3       java.time.LocalTime::ofNanoOfDay (68 bytes)
Event: 0.128 Thread 0x000001542b96e000  333       4       org.springframework.boot.loader.jar.CentralDirectoryFileHeader::load (204 bytes)
Event: 0.128 Thread 0x000001542ad6e890 nmethod 342 0x000001540ede2490 code [0x000001540ede2640, 0x000001540ede28f8]
Event: 0.128 Thread 0x000001542b90cf10 nmethod 341 0x000001540ede2a10 code [0x000001540ede2be0, 0x000001540ede2ef8]

GC Heap History (0 events):
No events

Deoptimization events (0 events):
No events

Classes unloaded (0 events):
No events

Classes redefined (0 events):
No events

Internal exceptions (1 events):
Event: 0.089 Thread 0x00000154074e1740 Exception <a 'java/lang/NoSuchMethodError'{0x0000000710891140}: 'int java.lang.invoke.DirectMethodHandle$Holder.invokeVirtual(java.lang.Object, java.lang.Object, java.lang.Object)'> (0x0000000710891140) 
thrown [s\open\src\hotspot\share\interpreter\linkResolver.cpp, line 759]

VM Operations (2 events):
Event: 0.049 Executing VM operation: HandshakeAllThreads
Event: 0.050 Executing VM operation: HandshakeAllThreads done

Events (20 events):
Event: 0.090 loading class java/lang/UnsupportedOperationException done
Event: 0.091 loading class java/util/NoSuchElementException
Event: 0.091 loading class java/util/NoSuchElementException done
Event: 0.098 loading class sun/util/calendar/ZoneInfoFile$Checksum
Event: 0.098 loading class sun/util/calendar/ZoneInfoFile$Checksum done
Event: 0.099 loading class java/time/zone/ZoneRulesProvider
Event: 0.099 loading class java/time/zone/ZoneRulesProvider done
Event: 0.099 loading class java/time/zone/ZoneRulesProvider$1
Event: 0.099 loading class java/time/zone/ZoneRulesProvider$1 done
Event: 0.099 loading class java/time/zone/TzdbZoneRulesProvider
Event: 0.099 loading class java/time/zone/TzdbZoneRulesProvider done
Event: 0.104 Loaded shared library C:\Program Files\Java\jdk-17\bin\jimage.dll
Event: 0.105 Thread 0x000001542b96d110 Thread added: 0x000001542b96d110
Event: 0.106 loading class java/time/zone/Ser
Event: 0.106 loading class java/io/Externalizable
Event: 0.106 loading class java/io/Externalizable done
Event: 0.106 loading class java/time/zone/Ser done
Event: 0.107 loading class java/time/zone/ZoneOffsetTransition
Event: 0.107 loading class java/time/zone/ZoneOffsetTransition done
Event: 0.128 Thread 0x000001542b96e000 Thread added: 0x000001542b96e000


Dynamic libraries:
0x00007ff6cf500000 - 0x00007ff6cf510000 	C:\Program Files\Java\jdk-17\bin\java.exe
0x00007ffe60690000 - 0x00007ffe60888000 	C:\WINDOWS\SYSTEM32\ntdll.dll
0x00007ffe60460000 - 0x00007ffe6051f000 	C:\WINDOWS\System32\KERNEL32.DLL
0x00007ffe5e230000 - 0x00007ffe5e526000 	C:\WINDOWS\System32\KERNELBASE.dll
0x00007ffe5e5f0000 - 0x00007ffe5e6f0000 	C:\WINDOWS\System32\ucrtbase.dll
0x00007ffe52420000 - 0x00007ffe52438000 	C:\Program Files\Java\jdk-17\bin\jli.dll
0x00007ffe52440000 - 0x00007ffe5245b000 	C:\Program Files\Java\jdk-17\bin\VCRUNTIME140.dll
0x00007ffe5ea00000 - 0x00007ffe5eaaf000 	C:\WINDOWS\System32\ADVAPI32.dll
0x00007ffe5e8a0000 - 0x00007ffe5e93e000 	C:\WINDOWS\System32\msvcrt.dll
0x00007ffe5f8a0000 - 0x00007ffe5f93c000 	C:\WINDOWS\System32\sechost.dll
0x00007ffe60190000 - 0x00007ffe602b6000 	C:\WINDOWS\System32\RPCRT4.dll
0x00007ffe602c0000 - 0x00007ffe6045d000 	C:\WINDOWS\System32\USER32.dll
0x00007ffe5de10000 - 0x00007ffe5de32000 	C:\WINDOWS\System32\win32u.dll
0x00007ffe5eac0000 - 0x00007ffe5eaec000 	C:\WINDOWS\System32\GDI32.dll
0x00007ffe480a0000 - 0x00007ffe4833a000 	C:\WINDOWS\WinSxS\amd64_microsoft.windows.common-controls_6595b64144ccf1df_6.0.19041.1110_none_60b5254171f9507e\COMCTL32.dll
0x00007ffe5dfd0000 - 0x00007ffe5e0e5000 	C:\WINDOWS\System32\gdi32full.dll
0x00007ffe5dd70000 - 0x00007ffe5de0d000 	C:\WINDOWS\System32\msvcp_win.dll
0x00007ffe58a60000 - 0x00007ffe58a6a000 	C:\WINDOWS\SYSTEM32\VERSION.dll
0x00007ffe60090000 - 0x00007ffe600c0000 	C:\WINDOWS\System32\IMM32.DLL
0x00007ffe52410000 - 0x00007ffe5241c000 	C:\Program Files\Java\jdk-17\bin\vcruntime140_1.dll
0x00007ffe2f3f0000 - 0x00007ffe2f47e000 	C:\Program Files\Java\jdk-17\bin\msvcp140.dll
0x00007ffdef1f0000 - 0x00007ffdefdc7000 	C:\Program Files\Java\jdk-17\bin\server\jvm.dll
0x00007ffe5eab0000 - 0x00007ffe5eab8000 	C:\WINDOWS\System32\PSAPI.DLL
0x00007ffe58650000 - 0x00007ffe58677000 	C:\WINDOWS\SYSTEM32\WINMM.dll
0x00007ffe57f40000 - 0x00007ffe57f49000 	C:\WINDOWS\SYSTEM32\WSOCK32.dll
0x00007ffe60120000 - 0x00007ffe6018b000 	C:\WINDOWS\System32\WS2_32.dll
0x00007ffe5bc10000 - 0x00007ffe5bc22000 	C:\WINDOWS\SYSTEM32\kernel.appcore.dll
0x00007ffe44bb0000 - 0x00007ffe44bba000 	C:\Program Files\Java\jdk-17\bin\jimage.dll
0x00007ffe56340000 - 0x00007ffe56524000 	C:\WINDOWS\SYSTEM32\DBGHELP.DLL
0x00007ffe53550000 - 0x00007ffe53584000 	C:\WINDOWS\SYSTEM32\dbgcore.DLL
0x00007ffe5e0f0000 - 0x00007ffe5e172000 	C:\WINDOWS\System32\bcryptPrimitives.dll
0x00007ffe2bab0000 - 0x00007ffe2bad5000 	C:\Program Files\Java\jdk-17\bin\java.dll
0x00007ffe21540000 - 0x00007ffe21617000 	C:\Program Files\Java\jdk-17\bin\jsvml.dll
0x00007ffe5f940000 - 0x00007ffe60084000 	C:\WINDOWS\System32\SHELL32.dll
0x00007ffe5be10000 - 0x00007ffe5c5a3000 	C:\WINDOWS\SYSTEM32\windows.storage.dll
0x00007ffe5f3c0000 - 0x00007ffe5f714000 	C:\WINDOWS\System32\combase.dll
0x00007ffe5d6f0000 - 0x00007ffe5d71e000 	C:\WINDOWS\SYSTEM32\Wldp.dll
0x00007ffe5eb70000 - 0x00007ffe5ec1d000 	C:\WINDOWS\System32\SHCORE.dll
0x00007ffe600c0000 - 0x00007ffe60115000 	C:\WINDOWS\System32\shlwapi.dll
0x00007ffe5dcb0000 - 0x00007ffe5dccf000 	C:\WINDOWS\SYSTEM32\profapi.dll
0x00007ffe2c3b0000 - 0x00007ffe2c3c9000 	C:\Program Files\Java\jdk-17\bin\net.dll
0x00007ffe56550000 - 0x00007ffe5665a000 	C:\WINDOWS\SYSTEM32\WINHTTP.dll
0x00007ffe5d4d0000 - 0x00007ffe5d53a000 	C:\WINDOWS\system32\mswsock.dll
0x00007ffe2c050000 - 0x00007ffe2c066000 	C:\Program Files\Java\jdk-17\bin\nio.dll
0x00007ffe2bf20000 - 0x00007ffe2bf38000 	C:\Program Files\Java\jdk-17\bin\zip.dll

dbghelp: loaded successfully - version: 4.0.5 - missing functions: none
symbol engine: initialized successfully - sym options: 0x614 - pdb path: .;C:\Program Files\Java\jdk-17\bin;C:\WINDOWS\SYSTEM32;C:\WINDOWS\WinSxS\amd64_microsoft.windows.common-controls_6595b64144ccf1df_6.0.19041.1110_none_60b5254171f9507e;C:\Program Files\Java\jdk-17\bin\server

VM Arguments:
java_command: c:\Users\John 117\.vscode\extensions\salesforce.salesforce-vscode-slds-1.4.8\lsp-0.0.13-executable.jar --PORT=64754
java_class_path (initial): c:\Users\John 117\.vscode\extensions\salesforce.salesforce-vscode-slds-1.4.8\lsp-0.0.13-executable.jar
Launcher Type: SUN_STANDARD

[Global flags]
     intx CICompilerCount                          = 12                                        {product} {ergonomic}
     uint ConcGCThreads                            = 3                                         {product} {ergonomic}
     uint G1ConcRefinementThreads                  = 13                                        {product} {ergonomic}
   size_t G1HeapRegionSize                         = 2097152                                   {product} {ergonomic}
    uintx GCDrainStackTargetSize                   = 64                                        {product} {ergonomic}
   size_t InitialHeapSize                          = 268435456                                 {product} {ergonomic}
   size_t MarkStackSize                            = 4194304                                   {product} {ergonomic}
   size_t MaxHeapSize                              = 4282384384                                {product} {ergonomic}
   size_t MaxNewSize                               = 2569011200                                {product} {ergonomic}
   size_t MinHeapDeltaBytes                        = 2097152                                   {product} {ergonomic}
   size_t MinHeapSize                              = 8388608                                   {product} {ergonomic}
    uintx NonNMethodCodeHeapSize                   = 7602480                                {pd product} {ergonomic}
    uintx NonProfiledCodeHeapSize                  = 122027880                              {pd product} {ergonomic}
    uintx ProfiledCodeHeapSize                     = 122027880                              {pd product} {ergonomic}
    uintx ReservedCodeCacheSize                    = 251658240                              {pd product} {ergonomic}
     bool SegmentedCodeCache                       = true                                      {product} {ergonomic}
   size_t SoftMaxHeapSize                          = 4282384384                             {manageable} {ergonomic}
     bool UseCompressedClassPointers               = true                           {product lp64_product} {ergonomic}
     bool UseCompressedOops                        = true                           {product lp64_product} {ergonomic}
     bool UseG1GC                                  = true                                      {product} {ergonomic}
     bool UseLargePagesIndividualAllocation        = false                                  {pd product} {ergonomic}

Logging:
Log output configuration:
 #0: stdout all=warning uptime,level,tags
 #1: stderr all=off uptime,level,tags

Environment Variables:
JAVA_HOME=C:\Program Files\Java\jdk-17
PATH=C:\Program Files\Java\jdk-17\bin;C:\ProgramData\Oracle\Java\javapath;C:\Program Files\Common Files\Oracle\Java\javapath;C:\Program Files (x86)\Common Files\Oracle\Java\javapath;C:\WINDOWS\system32;C:\WINDOWS;C:\WINDOWS\System32\Wbem;C:\WINDOWS\System32\WindowsPowerShell\v1.0\;C:\WINDOWS\System32\OpenSSH\;C:\Program Files (x86)\NVIDIA Corporation\PhysX\Common;C:\Program Files (x86)\Common Files\Acronis\VirtualFile\;C:\Program Files (x86)\Common Files\Acronis\VirtualFile64\;C:\Program Files (x86)\Common Files\Acronis\SnapAPI\;C:\Program Files\Git\cmd;C:\WINDOWS\system32;C:\WINDOWS;C:\WINDOWS\System32\Wbem;C:\WINDOWS\System32\WindowsPowerShell\v1.0\;C:\WINDOWS\System32\OpenSSH\;C:\xampp\php;C:\ProgramData\ComposerSetup\bin;C:\Program Files\dotnet\;C:\Program Files\nodejs\;C:\Program Files\Docker\Docker\resources\bin;C:\ProgramData\DockerDesktop\version-bin;C:\Program Files\PuTTY\;C:\Program Files (x86)\sfdx\bin;C:\Users\John 117\.console-ninja\.bin;C:\Python3111\Scripts\;C:\Python3111\;C:\Users\John 117\AppData\Local\Programs\Python\Python37\Scripts\;C:\Users\John 117\AppData\Local\Programs\Python\Python37\;C:\Users\John 117\AppData\Local\Programs\Python\Python310\Scripts\;C:\Users\John 117\AppData\Local\Programs\Python\Python310\;C:\Users\John 117\AppData\Local\Microsoft\WindowsApps;C:\Users\John 117\AppData\Local\Programs\Microsoft VS Code\bin;C:\Users\John 117\AppData\Roaming\Composer\vendor\bin;C:\Users\John 117\.dotnet\tools;C:\Program Files\JetBrains\IntelliJ IDEA Community Edition 2021.2.3\bin;;C:\Users\John 117\AppData\Roaming\npm;C:\Users\John 117\AppData\Local\GitHubDesktop\bin;C:\Users\John 117\AppData\Local\Programs\Julia-1.8.5\bin;";C:\Program Files\nodejs\";
USERNAME=Jorge
OS=Windows_NT
PROCESSOR_IDENTIFIER=AMD64 Family 23 Model 113 Stepping 0, AuthenticAMD



---------------  S Y S T E M  ---------------

OS:
 Windows 10 , 64 bit Build 19041 (10.0.19041.2913)
OS uptime: 15 days 19:16 hours
Hyper-V role detected

CPU: total 16 (initial active 16) (16 cores per cpu, 2 threads per core) family 23 model 113 stepping 0 microcode 0x0, cx8, cmov, fxsr, ht, mmx, 3dnowpref, sse, sse2, sse3, ssse3, sse4a, sse4.1, sse4.2, popcnt, lzcnt, tsc, tscinvbit, avx, avx2, aes, clmul, bmi1, bmi2, adx, sha, fma, vzeroupper, clflush, clflushopt, hv

Memory: 4k page, system-wide physical 16328M (1260M free)
TotalPageFile size 65480M (AvailPageFile size 0M)
current process WorkingSet (physical memory assigned to process): 42M, peak: 42M
current process commit charge ("private bytes"): 358M, peak: 358M

vm_info: Java HotSpot(TM) 64-Bit Server VM (17.0.6+9-LTS-190) for windows-amd64 JRE (17.0.6+9-LTS-190), built on Dec  6 2022 15:53:54 by "mach5one" with MS VC++ 17.1 (VS2022)

END.
