#
# There is insufficient memory for the Java Runtime Environment to continue.
# Native memory allocation (mmap) failed to map 268435456 bytes for G1 virtual space
# Possible reasons:
#   The system is out of physical RAM or swap space
#   The process is running with CompressedOops enabled, and the Java Heap may be blocking the growth of the native heap
# Possible solutions:
#   Reduce memory load on the system
#   Increase physical memory or swap space
#   Check if swap backing store is full
#   Decrease Java heap size (-Xmx/-Xms)
#   Decrease number of Java threads
#   Decrease Java thread stack sizes (-Xss)
#   Set larger code cache with -XX:ReservedCodeCacheSize=
#   JVM is running with Zero Based Compressed Oops mode in which the Java heap is
#     placed in the first 32GB address space. The Java Heap base address is the
#     maximum limit for the native heap growth. Please use -XX:HeapBaseMinAddress
#     to set the Java Heap base and to place the Java Heap above 32GB virtual address.
# This output file may be truncated or incomplete.
#
#  Out of Memory Error (os_windows.cpp:3550), pid=24584, tid=3404
#
# JRE version:  (17.0.6+9) (build )
# Java VM: Java HotSpot(TM) 64-Bit Server VM (17.0.6+9-LTS-190, mixed mode, sharing, tiered, compressed oops, compressed class ptrs, g1 gc, windows-amd64)
# No core dump will be written. Minidumps are not enabled by default on client versions of Windows
#

---------------  S U M M A R Y ------------

Command Line: c:\Users\John 117\.vscode\extensions\salesforce.salesforce-vscode-slds-1.4.8\lsp-0.0.13-executable.jar --PORT=64634

Host: AMD Ryzen 7 3700X 8-Core Processor             , 16 cores, 15G,  Windows 10 , 64 bit Build 19041 (10.0.19041.2913)
Time: Mon May 29 16:59:02 2023 Hora estándar central (México) elapsed time: 0.010725 seconds (0d 0h 0m 0s)

---------------  T H R E A D  ---------------

Current thread (0x00000275e08ac790):  JavaThread "Unknown thread" [_thread_in_vm, id=3404, stack(0x000000a498b00000,0x000000a498c00000)]

Stack: [0x000000a498b00000,0x000000a498c00000]
Native frames: (J=compiled Java code, j=interpreted, Vv=VM code, C=native code)
V  [jvm.dll+0x6734ea]
V  [jvm.dll+0x7d18f4]
V  [jvm.dll+0x7d309e]
V  [jvm.dll+0x7d3703]
V  [jvm.dll+0x2433c5]
V  [jvm.dll+0x6703f9]
V  [jvm.dll+0x664d32]
V  [jvm.dll+0x300086]
V  [jvm.dll+0x307606]
V  [jvm.dll+0x356c1e]
V  [jvm.dll+0x356e4f]
V  [jvm.dll+0x2d72e8]
V  [jvm.dll+0x2d8254]
V  [jvm.dll+0x7a33b1]
V  [jvm.dll+0x3647f1]
V  [jvm.dll+0x782839]
V  [jvm.dll+0x3e757f]
V  [jvm.dll+0x3e9001]
C  [jli.dll+0x5297]
C  [ucrtbase.dll+0x21bb2]
C  [KERNEL32.DLL+0x17614]
C  [ntdll.dll+0x526a1]


---------------  P R O C E S S  ---------------

Threads class SMR info:
_java_thread_list=0x00007ffdefc9e958, length=0, elements={
}

Java Threads: ( => current thread )

Other Threads:
  0x00000275e2b0e140 GCTaskThread "GC Thread#0" [stack: 0x000000a498c00000,0x000000a498d00000] [id=13048]
  0x00000275e2b20ef0 ConcurrentGCThread "G1 Main Marker" [stack: 0x000000a498d00000,0x000000a498e00000] [id=16236]
  0x00000275e2b21fb0 ConcurrentGCThread "G1 Conc#0" [stack: 0x000000a498e00000,0x000000a498f00000] [id=20180]

[error occurred during error reporting (printing all threads), id 0xc0000005, EXCEPTION_ACCESS_VIOLATION (0xc0000005) at pc=0x00007ffdef4d7f07]

VM state: not at safepoint (not fully initialized)

VM Mutex/Monitor currently owned by a thread:  ([mutex/lock_event])
[0x00000275e2aa2630] Heap_lock - owner thread: 0x00000275e08ac790

Heap address: 0x0000000700c00000, size: 4084 MB, Compressed Oops mode: Zero based, Oop shift amount: 3

CDS archive(s) mapped at: [0x0000000000000000-0x0000000000000000-0x0000000000000000), size 0, SharedBaseAddress: 0x0000000800000000, ArchiveRelocationMode: 0.
Narrow klass base: 0x0000000000000000, Narrow klass shift: 0, Narrow klass range: 0x0

GC Precious Log:
<Empty>

Heap:
 garbage-first heap   total 0K, used 0K [0x0000000700c00000, 0x0000000800000000)
  region size 2048K, 0 young (0K), 0 survivors (0K)

[error occurred during error reporting (printing heap information), id 0xc0000005, EXCEPTION_ACCESS_VIOLATION (0xc0000005) at pc=0x00007ffdef8bc759]

GC Heap History (0 events):
No events

Deoptimization events (0 events):
No events

Classes unloaded (0 events):
No events

Classes redefined (0 events):
No events

Internal exceptions (0 events):
No events

VM Operations (0 events):
No events

Events (1 events):
Event: 0.006 Loaded shared library C:\Program Files\Java\jdk-17\bin\java.dll


Dynamic libraries:
0x00007ff6cf500000 - 0x00007ff6cf510000 	C:\Program Files\Java\jdk-17\bin\java.exe
0x00007ffe60690000 - 0x00007ffe60888000 	C:\WINDOWS\SYSTEM32\ntdll.dll
0x00007ffe60460000 - 0x00007ffe6051f000 	C:\WINDOWS\System32\KERNEL32.DLL
0x00007ffe5e230000 - 0x00007ffe5e526000 	C:\WINDOWS\System32\KERNELBASE.dll
0x00007ffe5e5f0000 - 0x00007ffe5e6f0000 	C:\WINDOWS\System32\ucrtbase.dll
0x00007ffe52440000 - 0x00007ffe5245b000 	C:\Program Files\Java\jdk-17\bin\VCRUNTIME140.dll
0x00007ffe52420000 - 0x00007ffe52438000 	C:\Program Files\Java\jdk-17\bin\jli.dll
0x00007ffe5ea00000 - 0x00007ffe5eaaf000 	C:\WINDOWS\System32\ADVAPI32.dll
0x00007ffe5e8a0000 - 0x00007ffe5e93e000 	C:\WINDOWS\System32\msvcrt.dll
0x00007ffe5f8a0000 - 0x00007ffe5f93c000 	C:\WINDOWS\System32\sechost.dll
0x00007ffe60190000 - 0x00007ffe602b6000 	C:\WINDOWS\System32\RPCRT4.dll
0x00007ffe602c0000 - 0x00007ffe6045d000 	C:\WINDOWS\System32\USER32.dll
0x00007ffe480a0000 - 0x00007ffe4833a000 	C:\WINDOWS\WinSxS\amd64_microsoft.windows.common-controls_6595b64144ccf1df_6.0.19041.1110_none_60b5254171f9507e\COMCTL32.dll
0x00007ffe5de10000 - 0x00007ffe5de32000 	C:\WINDOWS\System32\win32u.dll
0x00007ffe5eac0000 - 0x00007ffe5eaec000 	C:\WINDOWS\System32\GDI32.dll
0x00007ffe5dfd0000 - 0x00007ffe5e0e5000 	C:\WINDOWS\System32\gdi32full.dll
0x00007ffe5dd70000 - 0x00007ffe5de0d000 	C:\WINDOWS\System32\msvcp_win.dll
0x00007ffe58a60000 - 0x00007ffe58a6a000 	C:\WINDOWS\SYSTEM32\VERSION.dll
0x00007ffe60090000 - 0x00007ffe600c0000 	C:\WINDOWS\System32\IMM32.DLL
0x00007ffe52410000 - 0x00007ffe5241c000 	C:\Program Files\Java\jdk-17\bin\vcruntime140_1.dll
0x00007ffe2f3f0000 - 0x00007ffe2f47e000 	C:\Program Files\Java\jdk-17\bin\msvcp140.dll
0x00007ffdef1f0000 - 0x00007ffdefdc7000 	C:\Program Files\Java\jdk-17\bin\server\jvm.dll
0x00007ffe5eab0000 - 0x00007ffe5eab8000 	C:\WINDOWS\System32\PSAPI.DLL
0x00007ffe58650000 - 0x00007ffe58677000 	C:\WINDOWS\SYSTEM32\WINMM.dll
0x00007ffe57f40000 - 0x00007ffe57f49000 	C:\WINDOWS\SYSTEM32\WSOCK32.dll
0x00007ffe60120000 - 0x00007ffe6018b000 	C:\WINDOWS\System32\WS2_32.dll
0x00007ffe5bc10000 - 0x00007ffe5bc22000 	C:\WINDOWS\SYSTEM32\kernel.appcore.dll
0x00007ffe44bb0000 - 0x00007ffe44bba000 	C:\Program Files\Java\jdk-17\bin\jimage.dll
0x00007ffe56340000 - 0x00007ffe56524000 	C:\WINDOWS\SYSTEM32\DBGHELP.DLL
0x00007ffe53550000 - 0x00007ffe53584000 	C:\WINDOWS\SYSTEM32\dbgcore.DLL
0x00007ffe5e0f0000 - 0x00007ffe5e172000 	C:\WINDOWS\System32\bcryptPrimitives.dll
0x00007ffe2bab0000 - 0x00007ffe2bad5000 	C:\Program Files\Java\jdk-17\bin\java.dll

dbghelp: loaded successfully - version: 4.0.5 - missing functions: none
symbol engine: initialized successfully - sym options: 0x614 - pdb path: .;C:\Program Files\Java\jdk-17\bin;C:\WINDOWS\SYSTEM32;C:\WINDOWS\WinSxS\amd64_microsoft.windows.common-controls_6595b64144ccf1df_6.0.19041.1110_none_60b5254171f9507e;C:\Program Files\Java\jdk-17\bin\server

VM Arguments:
java_command: c:\Users\John 117\.vscode\extensions\salesforce.salesforce-vscode-slds-1.4.8\lsp-0.0.13-executable.jar --PORT=64634
java_class_path (initial): c:\Users\John 117\.vscode\extensions\salesforce.salesforce-vscode-slds-1.4.8\lsp-0.0.13-executable.jar
Launcher Type: SUN_STANDARD

[Global flags]
     intx CICompilerCount                          = 12                                        {product} {ergonomic}
     uint ConcGCThreads                            = 3                                         {product} {ergonomic}
     uint G1ConcRefinementThreads                  = 13                                        {product} {ergonomic}
   size_t G1HeapRegionSize                         = 2097152                                   {product} {ergonomic}
    uintx GCDrainStackTargetSize                   = 64                                        {product} {ergonomic}
   size_t InitialHeapSize                          = 268435456                                 {product} {ergonomic}
   size_t MarkStackSize                            = 4194304                                   {product} {ergonomic}
   size_t MaxHeapSize                              = 4282384384                                {product} {ergonomic}
   size_t MinHeapDeltaBytes                        = 2097152                                   {product} {ergonomic}
   size_t MinHeapSize                              = 8388608                                   {product} {ergonomic}
    uintx NonNMethodCodeHeapSize                   = 7602480                                {pd product} {ergonomic}
    uintx NonProfiledCodeHeapSize                  = 122027880                              {pd product} {ergonomic}
    uintx ProfiledCodeHeapSize                     = 122027880                              {pd product} {ergonomic}
    uintx ReservedCodeCacheSize                    = 251658240                              {pd product} {ergonomic}
     bool SegmentedCodeCache                       = true                                      {product} {ergonomic}
   size_t SoftMaxHeapSize                          = 4282384384                             {manageable} {ergonomic}
     bool UseCompressedClassPointers               = true                           {product lp64_product} {ergonomic}
     bool UseCompressedOops                        = true                           {product lp64_product} {ergonomic}
     bool UseG1GC                                  = true                                      {product} {ergonomic}
     bool UseLargePagesIndividualAllocation        = false                                  {pd product} {ergonomic}

Logging:
Log output configuration:
 #0: stdout all=warning uptime,level,tags
 #1: stderr all=off uptime,level,tags

Environment Variables:
JAVA_HOME=C:\Program Files\Java\jdk-17
PATH=C:\Program Files\Java\jdk-17\bin;C:\ProgramData\Oracle\Java\javapath;C:\Program Files\Common Files\Oracle\Java\javapath;C:\Program Files (x86)\Common Files\Oracle\Java\javapath;C:\WINDOWS\system32;C:\WINDOWS;C:\WINDOWS\System32\Wbem;C:\WINDOWS\System32\WindowsPowerShell\v1.0\;C:\WINDOWS\System32\OpenSSH\;C:\Program Files (x86)\NVIDIA Corporation\PhysX\Common;C:\Program Files (x86)\Common Files\Acronis\VirtualFile\;C:\Program Files (x86)\Common Files\Acronis\VirtualFile64\;C:\Program Files (x86)\Common Files\Acronis\SnapAPI\;C:\Program Files\Git\cmd;C:\WINDOWS\system32;C:\WINDOWS;C:\WINDOWS\System32\Wbem;C:\WINDOWS\System32\WindowsPowerShell\v1.0\;C:\WINDOWS\System32\OpenSSH\;C:\xampp\php;C:\ProgramData\ComposerSetup\bin;C:\Program Files\dotnet\;C:\Program Files\nodejs\;C:\Program Files\Docker\Docker\resources\bin;C:\ProgramData\DockerDesktop\version-bin;C:\Program Files\PuTTY\;C:\Program Files (x86)\sfdx\bin;C:\Users\John 117\.console-ninja\.bin;C:\Python3111\Scripts\;C:\Python3111\;C:\Users\John 117\AppData\Local\Programs\Python\Python37\Scripts\;C:\Users\John 117\AppData\Local\Programs\Python\Python37\;C:\Users\John 117\AppData\Local\Programs\Python\Python310\Scripts\;C:\Users\John 117\AppData\Local\Programs\Python\Python310\;C:\Users\John 117\AppData\Local\Microsoft\WindowsApps;C:\Users\John 117\AppData\Local\Programs\Microsoft VS Code\bin;C:\Users\John 117\AppData\Roaming\Composer\vendor\bin;C:\Users\John 117\.dotnet\tools;C:\Program Files\JetBrains\IntelliJ IDEA Community Edition 2021.2.3\bin;;C:\Users\John 117\AppData\Roaming\npm;C:\Users\John 117\AppData\Local\GitHubDesktop\bin;C:\Users\John 117\AppData\Local\Programs\Julia-1.8.5\bin;";C:\Program Files\nodejs\";
USERNAME=Jorge
OS=Windows_NT
PROCESSOR_IDENTIFIER=AMD64 Family 23 Model 113 Stepping 0, AuthenticAMD



---------------  S Y S T E M  ---------------

OS:
 Windows 10 , 64 bit Build 19041 (10.0.19041.2913)
OS uptime: 15 days 19:14 hours
Hyper-V role detected

CPU: total 16 (initial active 16) (16 cores per cpu, 2 threads per core) family 23 model 113 stepping 0 microcode 0x0, cx8, cmov, fxsr, ht, mmx, 3dnowpref, sse, sse2, sse3, ssse3, sse4a, sse4.1, sse4.2, popcnt, lzcnt, tsc, tscinvbit, avx, avx2, aes, clmul, bmi1, bmi2, adx, sha, fma, vzeroupper, clflush, clflushopt, hv

Memory: 4k page, system-wide physical 16328M (973M free)
TotalPageFile size 65480M (AvailPageFile size 106M)
current process WorkingSet (physical memory assigned to process): 11M, peak: 11M
current process commit charge ("private bytes"): 70M, peak: 326M

vm_info: Java HotSpot(TM) 64-Bit Server VM (17.0.6+9-LTS-190) for windows-amd64 JRE (17.0.6+9-LTS-190), built on Dec  6 2022 15:53:54 by "mach5one" with MS VC++ 17.1 (VS2022)

END.
